2015-02-07 10:54:34 INFO  JsoupExample:39 - /images/icons/product/chrome-48.png
2015-02-07 10:54:34 INFO  JsoupExample:40 - 
2015-02-07 10:54:34 INFO  JsoupExample:41 - 
2015-02-07 10:54:34 INFO  JsoupExample:39 - /logos/doodles/2015/laura-ingalls-wilders-148th-birthday-6591517888086016.2-hp.jpg
2015-02-07 10:54:34 INFO  JsoupExample:40 - 200
2015-02-07 10:54:34 INFO  JsoupExample:41 - 577
2015-02-08 11:16:50 INFO  JsoupExample:39 - /images/icons/product/chrome-48.png
2015-02-08 11:16:50 INFO  JsoupExample:40 - 
2015-02-08 11:16:50 INFO  JsoupExample:41 - 
2015-02-08 11:16:50 INFO  JsoupExample:39 - /images/srpr/logo9w.png
2015-02-08 11:16:50 INFO  JsoupExample:40 - 95
2015-02-08 11:16:50 INFO  JsoupExample:41 - 269
2015-02-08 11:17:40 INFO  JsoupExample:39 - /images/icons/product/chrome-48.png
2015-02-08 11:17:40 INFO  JsoupExample:40 - 
2015-02-08 11:17:40 INFO  JsoupExample:41 - 
2015-02-08 11:17:40 INFO  JsoupExample:39 - /images/srpr/logo9w.png
2015-02-08 11:17:40 INFO  JsoupExample:40 - 95
2015-02-08 11:17:40 INFO  JsoupExample:41 - 269
2015-02-08 11:20:43 INFO  JsoupExample:39 - /images/icons/product/chrome-48.png
2015-02-08 11:20:43 INFO  JsoupExample:40 - 
2015-02-08 11:20:43 INFO  JsoupExample:41 - 
2015-02-08 11:20:43 INFO  JsoupExample:39 - /images/srpr/logo9w.png
2015-02-08 11:20:43 INFO  JsoupExample:40 - 95
2015-02-08 11:20:43 INFO  JsoupExample:41 - 269
